<?xml version="1.0" encoding="UTF-8"?>
<!-- Generated by org.testng.reporters.JUnitReportReporter -->
<testsuite skipped="0" hostname="PC0641" name="packageCustomer.Customer" tests="3" failures="0" timestamp="16 Mar 2020 10:11:22 GMT" time="18.286" errors="0">
  <testcase name="launchBrowserAndOpenURL" time="12.528" classname="packageCustomer.Customer"/>
  <testcase name="performLogin" time="3.176" classname="packageCustomer.Customer"/>
  <testcase name="closingBrowser" time="2.582" classname="packageCustomer.Customer"/>
</testsuite> <!-- packageCustomer.Customer -->
