<?xml version="1.0" encoding="UTF-8"?>
<!-- Generated by org.testng.reporters.JUnitReportReporter -->
<testsuite skipped="0" hostname="PC0641" name="packageCustomer.Customer" tests="3" failures="0" timestamp="17 Mar 2020 09:32:28 GMT" time="9.205" errors="0">
  <testcase name="launchBrowserAndOpenURL" time="5.910" classname="packageCustomer.Customer"/>
  <testcase name="performLogin" time="3.122" classname="packageCustomer.Customer"/>
  <testcase name="closingBrowser" time="0.173" classname="packageCustomer.Customer"/>
</testsuite> <!-- packageCustomer.Customer -->
