<?xml version="1.0" encoding="UTF-8"?>
<!-- Generated by org.testng.reporters.JUnitReportReporter -->
<testsuite skipped="0" hostname="PC0641" name="packageCustomer.Customer" tests="3" failures="0" timestamp="18 Mar 2020 12:14:13 GMT" time="15.013" errors="0">
  <testcase name="launchBrowserAndOpenURL" time="7.680" classname="packageCustomer.Customer"/>
  <testcase name="performLogin" time="7.217" classname="packageCustomer.Customer"/>
  <testcase name="closingBrowser" time="0.116" classname="packageCustomer.Customer"/>
</testsuite> <!-- packageCustomer.Customer -->
