<?xml version="1.0" encoding="UTF-8"?>
<!-- Generated by org.testng.reporters.JUnitReportReporter -->
<testsuite skipped="0" hostname="PC0641" name="packageCustomer.Customer" tests="1" failures="0" timestamp="24 Mar 2020 11:20:58 GMT" time="3.178" errors="0">
  <testcase name="launchBrowserAndOpenURL" time="3.178" classname="packageCustomer.Customer"/>
</testsuite> <!-- packageCustomer.Customer -->
