<?xml version="1.0" encoding="UTF-8"?>
<!-- Generated by org.testng.reporters.JUnitReportReporter -->
<testsuite hostname="DESKTOP-ES79AE3" failures="0" tests="1" name="packageCustomer.Customer" time="18.754" errors="0" timestamp="26 Mar 2020 06:16:50 GMT" skipped="0">
  <testcase classname="packageCustomer.Customer" name="launchBrowserAndOpenURL" time="18.754"/>
</testsuite> <!-- packageCustomer.Customer -->
