<?xml version="1.0" encoding="UTF-8"?>
<!-- Generated by org.testng.reporters.JUnitReportReporter -->
<testsuite skipped="0" hostname="PC0641" name="Customer" tests="3" failures="0" timestamp="12 Mar 2020 07:50:37 GMT" time="0.018" errors="0">
  <testcase name="customer_1_Details" time="0.014" classname="Customer"/>
  <testcase name="customer_3_Details" time="0.002" classname="Customer"/>
  <testcase name="customer_2_Details" time="0.002" classname="Customer"/>
</testsuite> <!-- Customer -->
