<?xml version="1.0" encoding="UTF-8"?>
<!-- Generated by org.testng.reporters.JUnitReportReporter -->
<testsuite skipped="0" hostname="PC0641" name="packageCustomer.Customer" tests="3" failures="0" timestamp="13 Mar 2020 08:15:02 GMT" time="9.318" errors="0">
  <testcase name="launchBrowserAndOpenURL" time="5.851" classname="packageCustomer.Customer"/>
  <testcase name="performLogin" time="3.345" classname="packageCustomer.Customer"/>
  <testcase name="closingBrowser" time="0.122" classname="packageCustomer.Customer"/>
</testsuite> <!-- packageCustomer.Customer -->
