<?xml version="1.0" encoding="UTF-8"?>
<!-- Generated by org.testng.reporters.JUnitReportReporter -->
<testsuite skipped="0" hostname="PC0641" name="packageCustomer.Customer" tests="3" failures="0" timestamp="16 Mar 2020 13:04:03 GMT" time="12.673" errors="0">
  <testcase name="launchBrowserAndOpenURL" time="8.989" classname="packageCustomer.Customer"/>
  <testcase name="performLogin" time="3.517" classname="packageCustomer.Customer"/>
  <testcase name="closingBrowser" time="0.167" classname="packageCustomer.Customer"/>
</testsuite> <!-- packageCustomer.Customer -->
