<?xml version="1.0" encoding="UTF-8"?>
<!-- Generated by org.testng.reporters.JUnitReportReporter -->
<testsuite skipped="0" hostname="PC0641" name="packageCustomer.Customer" tests="3" failures="0" timestamp="13 Mar 2020 08:54:53 GMT" time="10.011" errors="0">
  <testcase name="launchBrowserAndOpenURL" time="6.334" classname="packageCustomer.Customer"/>
  <testcase name="performLogin" time="3.563" classname="packageCustomer.Customer"/>
  <testcase name="closingBrowser" time="0.114" classname="packageCustomer.Customer"/>
</testsuite> <!-- packageCustomer.Customer -->
