<?xml version="1.0" encoding="UTF-8"?>
<!-- Generated by org.testng.reporters.JUnitReportReporter -->
<testsuite skipped="0" hostname="PC0641" name="packageCustomer.Customer" tests="3" failures="0" timestamp="13 Mar 2020 08:05:12 GMT" time="4.772" errors="0">
  <testcase name="launchBrowserAndOpenURL" time="3.196" classname="packageCustomer.Customer"/>
  <testcase name="performLogin" time="1.401" classname="packageCustomer.Customer"/>
  <testcase name="closingBrowser" time="0.175" classname="packageCustomer.Customer"/>
</testsuite> <!-- packageCustomer.Customer -->
