<?xml version="1.0" encoding="UTF-8"?>
<!-- Generated by org.testng.reporters.JUnitReportReporter -->
<testsuite skipped="0" hostname="PC0641" name="packageCustomer.Customer" tests="3" failures="0" timestamp="20 Mar 2020 05:35:11 GMT" time="10.534" errors="0">
  <testcase name="launchBrowserAndOpenURL" time="6.800" classname="packageCustomer.Customer"/>
  <testcase name="performLogin" time="3.569" classname="packageCustomer.Customer"/>
  <testcase name="closingBrowser" time="0.165" classname="packageCustomer.Customer"/>
</testsuite> <!-- packageCustomer.Customer -->
