<?xml version="1.0" encoding="UTF-8"?>
<!-- Generated by org.testng.reporters.JUnitReportReporter -->
<testsuite skipped="0" hostname="PC0641" name="packageCustomer.Customer" tests="3" failures="0" timestamp="13 Mar 2020 08:19:18 GMT" time="9.184" errors="0">
  <testcase name="launchBrowserAndOpenURL" time="5.822" classname="packageCustomer.Customer"/>
  <testcase name="performLogin" time="3.246" classname="packageCustomer.Customer"/>
  <testcase name="closingBrowser" time="0.116" classname="packageCustomer.Customer"/>
</testsuite> <!-- packageCustomer.Customer -->
