<?xml version="1.0" encoding="UTF-8"?>
<!-- Generated by org.testng.reporters.JUnitReportReporter -->
<testsuite skipped="0" hostname="PC0641" name="packageCustomer.Customer" tests="1" failures="0" timestamp="24 Mar 2020 07:27:24 GMT" time="30.158" errors="0">
  <testcase name="launchBrowserAndOpenURL" time="30.158" classname="packageCustomer.Customer"/>
</testsuite> <!-- packageCustomer.Customer -->
